<?xml version="1.0" encoding="UTF-8"?>
<!-- Generated by org.testng.reporters.JUnitReportReporter -->
<testsuite hostname="PC" name="APITesting.com.org.api.JasonServerResquests" tests="1" failures="0" timestamp="29 May 2016 03:46:58 GMT" time="1.673" errors="0">
  <testcase name="test_10" time="1.673" classname="APITesting.com.org.api.JasonServerResquests"/>
</testsuite> <!-- APITesting.com.org.api.JasonServerResquests -->
