<?xml version="1.0" encoding="UTF-8"?>
<!-- Generated by org.testng.reporters.JUnitReportReporter -->
<testsuite hostname="PC" name="APITesting.com.org.api.WheatherGetRequests" tests="1" failures="0" timestamp="27 May 2016 19:24:35 GMT" time="3.638" errors="0">
  <testcase name="test_10" time="3.638" classname="APITesting.com.org.api.WheatherGetRequests"/>
</testsuite> <!-- APITesting.com.org.api.WheatherGetRequests -->
